# JRE version: OpenJDK Runtime Environment (8.0_152-b01) (build 1.8.0_152-release-915-b01)
# Java VM: OpenJDK 64-Bit Server VM (25.152-b01 mixed mode windows-amd64 compressed oops)
Heap:
 PSYoungGen      total 238592K, used 211357K [0x00000000e0000000, 0x00000000f0a80000, 0x0000000100000000)
  eden space 209408K, 100% used [0x00000000e0000000,0x00000000ecc80000,0x00000000ecc80000)
  from space 29184K, 6% used [0x00000000eee00000,0x00000000eefe74c0,0x00000000f0a80000)
  to   space 31744K, 20% used [0x00000000ecc80000,0x00000000ed2b4070,0x00000000eeb80000)
 ParOldGen       total 124416K, used 56935K [0x00000000a0000000, 0x00000000a7980000, 0x00000000e0000000)
  object space 124416K, 45% used [0x00000000a0000000,0x00000000a3799d20,0x00000000a7980000)
 Metaspace       used 79408K, capacity 84418K, committed 86420K, reserved 1124352K
  class space    used 9978K, capacity 11111K, committed 11668K, reserved 1048576K
GC Heap History (10 events):
Event: 4434.058 GC heap after
Heap after GC invocations=34 (full 3):
 PSYoungGen      total 171520K, used 6584K [0x00000000e0000000, 0x00000000ee980000, 0x0000000100000000)
  eden space 139264K, 0% used [0x00000000e0000000,0x00000000e0000000,0x00000000e8800000)
  from space 32256K, 20% used [0x00000000e8800000,0x00000000e8e6e1b8,0x00000000ea780000)
  to   space 31744K, 0% used [0x00000000eca80000,0x00000000eca80000,0x00000000ee980000)
 ParOldGen       total 108032K, used 106271K [0x00000000a0000000, 0x00000000a6980000, 0x00000000e0000000)
  object space 108032K, 98% used [0x00000000a0000000,0x00000000a67c7c00,0x00000000a6980000)
 Metaspace       used 80410K, capacity 86104K, committed 86420K, reserved 1124352K
  class space    used 10310K, capacity 11598K, committed 11668K, reserved 1048576K
}
Event: 4434.058 GC heap before
{Heap before GC invocations=35 (full 4):
 PSYoungGen      total 171520K, used 6584K [0x00000000e0000000, 0x00000000ee980000, 0x0000000100000000)
  eden space 139264K, 0% used [0x00000000e0000000,0x00000000e0000000,0x00000000e8800000)
  from space 32256K, 20% used [0x00000000e8800000,0x00000000e8e6e1b8,0x00000000ea780000)
  to   space 31744K, 0% used [0x00000000eca80000,0x00000000eca80000,0x00000000ee980000)
 ParOldGen       total 108032K, used 106271K [0x00000000a0000000, 0x00000000a6980000, 0x00000000e0000000)
  object space 108032K, 98% used [0x00000000a0000000,0x00000000a67c7c00,0x00000000a6980000)
 Metaspace       used 80410K, capacity 86104K, committed 86420K, reserved 1124352K
  class space    used 10310K, capacity 11598K, committed 11668K, reserved 1048576K
Event: 4434.526 GC heap after
Heap after GC invocations=35 (full 4):
 PSYoungGen      total 171520K, used 0K [0x00000000e0000000, 0x00000000ee980000, 0x0000000100000000)
  eden space 139264K, 0% used [0x00000000e0000000,0x00000000e0000000,0x00000000e8800000)
  from space 32256K, 0% used [0x00000000e8800000,0x00000000e8800000,0x00000000ea780000)
  to   space 31744K, 0% used [0x00000000eca80000,0x00000000eca80000,0x00000000ee980000)
 ParOldGen       total 124416K, used 55038K [0x00000000a0000000, 0x00000000a7980000, 0x00000000e0000000)
  object space 124416K, 44% used [0x00000000a0000000,0x00000000a35bfa98,0x00000000a7980000)
 Metaspace       used 78749K, capacity 83558K, committed 86420K, reserved 1124352K
  class space    used 9941K, capacity 11015K, committed 11668K, reserved 1048576K
}
Event: 4441.889 GC heap before
{Heap before GC invocations=36 (full 4):
 PSYoungGen      total 171520K, used 139244K [0x00000000e0000000, 0x00000000ee980000, 0x0000000100000000)
  eden space 139264K, 99% used [0x00000000e0000000,0x00000000e87fb390,0x00000000e8800000)
  from space 32256K, 0% used [0x00000000e8800000,0x00000000e8800000,0x00000000ea780000)
  to   space 31744K, 0% used [0x00000000eca80000,0x00000000eca80000,0x00000000ee980000)
 ParOldGen       total 124416K, used 55038K [0x00000000a0000000, 0x00000000a7980000, 0x00000000e0000000)
  object space 124416K, 44% used [0x00000000a0000000,0x00000000a35bfa98,0x00000000a7980000)
 Metaspace       used 78942K, capacity 83740K, committed 86420K, reserved 1124352K
  class space    used 9949K, capacity 11024K, committed 11668K, reserved 1048576K
Event: 4441.897 GC heap after
Heap after GC invocations=36 (full 4):
 PSYoungGen      total 206848K, used 2829K [0x00000000e0000000, 0x00000000eea80000, 0x0000000100000000)
  eden space 175104K, 0% used [0x00000000e0000000,0x00000000e0000000,0x00000000eab00000)
  from space 31744K, 8% used [0x00000000eca80000,0x00000000ecd437e0,0x00000000ee980000)
  to   space 32256K, 0% used [0x00000000eab00000,0x00000000eab00000,0x00000000eca80000)
 ParOldGen       total 124416K, used 55046K [0x00000000a0000000, 0x00000000a7980000, 0x00000000e0000000)
  object space 124416K, 44% used [0x00000000a0000000,0x00000000a35c1a98,0x00000000a7980000)
 Metaspace       used 78942K, capacity 83740K, committed 86420K, reserved 1124352K
  class space    used 9949K, capacity 11024K, committed 11668K, reserved 1048576K
}
Event: 4509.544 GC heap before
{Heap before GC invocations=37 (full 4):
 PSYoungGen      total 206848K, used 177933K [0x00000000e0000000, 0x00000000eea80000, 0x0000000100000000)
  eden space 175104K, 100% used [0x00000000e0000000,0x00000000eab00000,0x00000000eab00000)
  from space 31744K, 8% used [0x00000000eca80000,0x00000000ecd437e0,0x00000000ee980000)
  to   space 32256K, 0% used [0x00000000eab00000,0x00000000eab00000,0x00000000eca80000)
 ParOldGen       total 124416K, used 55046K [0x00000000a0000000, 0x00000000a7980000, 0x00000000e0000000)
  object space 124416K, 44% used [0x00000000a0000000,0x00000000a35c1a98,0x00000000a7980000)
 Metaspace       used 79107K, capacity 83992K, committed 86420K, reserved 1124352K
  class space    used 9962K, capacity 11064K, committed 11668K, reserved 1048576K
Event: 4509.552 GC heap after
Heap after GC invocations=37 (full 4):
 PSYoungGen      total 207360K, used 3723K [0x00000000e0000000, 0x00000000f0d80000, 0x0000000100000000)
  eden space 175104K, 0% used [0x00000000e0000000,0x00000000e0000000,0x00000000eab00000)
  from space 32256K, 11% used [0x00000000eab00000,0x00000000eaea2dd8,0x00000000eca80000)
  to   space 32256K, 0% used [0x00000000eee00000,0x00000000eee00000,0x00000000f0d80000)
 ParOldGen       total 124416K, used 55498K [0x00000000a0000000, 0x00000000a7980000, 0x00000000e0000000)
  object space 124416K, 44% used [0x00000000a0000000,0x00000000a3632ad8,0x00000000a7980000)
 Metaspace       used 79107K, capacity 83992K, committed 86420K, reserved 1124352K
  class space    used 9962K, capacity 11064K, committed 11668K, reserved 1048576K
}
Event: 6203.432 GC heap before
{Heap before GC invocations=38 (full 4):
 PSYoungGen      total 207360K, used 178827K [0x00000000e0000000, 0x00000000f0d80000, 0x0000000100000000)
  eden space 175104K, 100% used [0x00000000e0000000,0x00000000eab00000,0x00000000eab00000)
  from space 32256K, 11% used [0x00000000eab00000,0x00000000eaea2dd8,0x00000000eca80000)
  to   space 32256K, 0% used [0x00000000eee00000,0x00000000eee00000,0x00000000f0d80000)
 ParOldGen       total 124416K, used 55498K [0x00000000a0000000, 0x00000000a7980000, 0x00000000e0000000)
  object space 124416K, 44% used [0x00000000a0000000,0x00000000a3632ad8,0x00000000a7980000)
 Metaspace       used 79240K, capacity 84188K, committed 86420K, reserved 1124352K
  class space    used 9963K, capacity 11064K, committed 11668K, reserved 1048576K
Event: 6203.469 GC heap after
Heap after GC invocations=38 (full 4):
 PSYoungGen      total 238592K, used 1949K [0x00000000e0000000, 0x00000000f0a80000, 0x0000000100000000)
  eden space 209408K, 0% used [0x00000000e0000000,0x00000000e0000000,0x00000000ecc80000)
  from space 29184K, 6% used [0x00000000eee00000,0x00000000eefe74c0,0x00000000f0a80000)
  to   space 31744K, 0% used [0x00000000ecc80000,0x00000000ecc80000,0x00000000eeb80000)
 ParOldGen       total 124416K, used 56018K [0x00000000a0000000, 0x00000000a7980000, 0x00000000e0000000)
  object space 124416K, 45% used [0x00000000a0000000,0x00000000a36b4860,0x00000000a7980000)
 Metaspace       used 79240K, capacity 84188K, committed 86420K, reserved 1124352K
  class space    used 9963K, capacity 11064K, committed 11668K, reserved 1048576K
}
Event: 12251.266 GC heap before
{Heap before GC invocations=39 (full 4):
 PSYoungGen      total 238592K, used 211357K [0x00000000e0000000, 0x00000000f0a80000, 0x0000000100000000)
  eden space 209408K, 100% used [0x00000000e0000000,0x00000000ecc80000,0x00000000ecc80000)
  from space 29184K, 6% used [0x00000000eee00000,0x00000000eefe74c0,0x00000000f0a80000)
  to   space 31744K, 0% used [0x00000000ecc80000,0x00000000ecc80000,0x00000000eeb80000)
 ParOldGen       total 124416K, used 56018K [0x00000000a0000000, 0x00000000a7980000, 0x00000000e0000000)
  object space 124416K, 45% used [0x00000000a0000000,0x00000000a36b4860,0x00000000a7980000)
 Metaspace       used 79408K, capacity 84418K, committed 86420K, reserved 1124352K
  class space    used 9978K, capacity 11111K, committed 11668K, reserved 1048576K

